<?xml version="1.0" encoding="UTF-8"?>
<!-- Generated by org.testng.reporters.JUnitXMLReporter -->
<testsuite ignored="0" hostname="LAPTOP-PB8C76MG" failures="0" tests="1" name="Test-Browser-Firefox" time="27.654" errors="0" timestamp="2023-10-13T19:53:19 IST">
  <testcase classname="contactsTest.CreateContacts" name="test1" time="13.355"/>
</testsuite> <!-- Test-Browser-Firefox -->
