<?xml version="1.0" encoding="UTF-8"?>
<!-- Generated by org.testng.reporters.JUnitReportReporter -->
<testsuite hostname="LAPTOP-PB8C76MG" failures="0" tests="1" name="practice.CreateOrgWithBaseClass" time="38.318" errors="0" timestamp="2023-10-31T20:24:51 IST" skipped="0">
  <testcase classname="practice.CreateOrgWithBaseClass" name="createOrg" time="38.318"/>
</testsuite> <!-- practice.CreateOrgWithBaseClass -->
