<?xml version="1.0" encoding="UTF-8"?>
<!-- Generated by org.testng.reporters.JUnitReportReporter -->
<testsuite hostname="LAPTOP-PB8C76MG" failures="0" tests="1" name="organisationTests.CreateOrganisation" time="24.540" errors="0" timestamp="2023-10-11T20:45:49 IST" skipped="0">
  <testcase classname="organisationTests.CreateOrganisation" name="test1" time="24.540"/>
</testsuite> <!-- organisationTests.CreateOrganisation -->
