<?xml version="1.0" encoding="UTF-8"?>
<!-- Generated by org.testng.reporters.JUnitReportReporter -->
<testsuite hostname="LAPTOP-PB8C76MG" failures="0" tests="1" name="practice.CreateOrgWithBaseClass" time="22.131" errors="0" timestamp="2023-10-11T19:36:32 IST" skipped="0">
  <testcase classname="practice.CreateOrgWithBaseClass" name="createOrg" time="22.131"/>
</testsuite> <!-- practice.CreateOrgWithBaseClass -->
