<?xml version="1.0" encoding="UTF-8"?>
<!-- Generated by org.testng.reporters.JUnitReportReporter -->
<testsuite hostname="LAPTOP-PB8C76MG" failures="0" tests="1" name="contactsTest.CreateContactWithOrganisationTest" time="32.186" errors="0" timestamp="2023-10-12T13:35:20 IST" skipped="0">
  <testcase classname="contactsTest.CreateContactWithOrganisationTest" name="createContactwOTest" time="32.186"/>
</testsuite> <!-- contactsTest.CreateContactWithOrganisationTest -->
