<?xml version="1.0" encoding="UTF-8"?>
<!-- Generated by org.testng.reporters.JUnitReportReporter -->
<testsuite hostname="LAPTOP-PB8C76MG" failures="0" tests="2" name="practice.addProductsToCart" time="0.013" errors="0" timestamp="2023-10-05T20:21:19 IST" skipped="0">
  <testcase classname="practice.addProductsToCart" name="test" time="0.002"/>
  <testcase classname="practice.addProductsToCart" name="test" time="0.011"/>
</testsuite> <!-- practice.addProductsToCart -->
