<?xml version="1.0" encoding="UTF-8"?>
<!-- Generated by org.testng.reporters.JUnitReportReporter -->
<testsuite hostname="LAPTOP-PB8C76MG" failures="0" tests="3" name="practice.TestNGPractice" time="0.012" errors="0" timestamp="2023-10-03T20:31:46 IST" skipped="0">
  <testcase classname="practice.TestNGPractice" name="createTest" time="0.009"/>
  <testcase classname="practice.TestNGPractice" name="modifyTest" time="0.001"/>
  <testcase classname="practice.TestNGPractice" name="deleteTest" time="0.002"/>
</testsuite> <!-- practice.TestNGPractice -->
