<?xml version="1.0" encoding="UTF-8"?>
<!-- Generated by org.testng.reporters.JUnitReportReporter -->
<testsuite hostname="LAPTOP-PB8C76MG" failures="0" tests="1" name="practice.LoadDataFromCmdLine" time="0.010" errors="0" timestamp="2023-10-25T20:07:30 IST" skipped="0">
  <testcase classname="practice.LoadDataFromCmdLine" name="test1" time="0.010"/>
</testsuite> <!-- practice.LoadDataFromCmdLine -->
